{
"E:\\G\\node\\imooc\\test\\models\\user.test.js":{"path":"E:\\G\\node\\imooc\\test\\models\\user.test.js","s":{"1":1,"2":1,"3":1,"4":1,"5":1,"6":1,"7":1,"8":1,"9":1,"10":1,"11":1,"12":1,"13":1,"14":1,"15":1,"16":1,"17":1,"18":1,"19":1,"20":1,"21":1,"22":1,"23":1,"24":1,"25":1,"26":0,"27":0,"28":1,"29":1,"30":1,"31":1,"32":1,"33":1,"34":1,"35":1,"36":0,"37":0,"38":0,"39":1,"40":1,"41":1,"42":1,"43":1,"44":1,"45":1,"46":1,"47":1,"48":1,"49":1,"50":1,"51":1,"52":1,"53":1,"54":1,"55":1,"56":1,"57":1,"58":1,"59":1,"60":1,"61":1,"62":1,"63":1,"64":1,"65":1,"66":1,"67":1},"b":{"1":[1,0],"2":[1,0]},"f":{"1":1,"2":1,"3":1,"4":1,"5":1,"6":5,"7":5,"8":1,"9":1,"10":1,"11":0,"12":1,"13":1,"14":1,"15":1,"16":0,"17":1,"18":1,"19":1,"20":1,"21":1,"22":1,"23":1,"24":1,"25":1,"26":1,"27":1,"28":1},"fnMap":{"1":{"name":"getRandomString","line":8,"loc":{"start":{"line":8,"column":0},"end":{"line":8,"column":30}}},"2":{"name":"(anonymous_2)","line":13,"loc":{"start":{"line":13,"column":27},"end":{"line":13,"column":38}}},"3":{"name":"(anonymous_3)","line":14,"loc":{"start":{"line":14,"column":9},"end":{"line":14,"column":24}}},"4":{"name":"(anonymous_4)","line":16,"loc":{"start":{"line":16,"column":20},"end":{"line":16,"column":34}}},"5":{"name":"(anonymous_5)","line":29,"loc":{"start":{"line":29,"column":8},"end":{"line":29,"column":19}}},"6":{"name":"(anonymous_6)","line":33,"loc":{"start":{"line":33,"column":13},"end":{"line":33,"column":24}}},"7":{"name":"(anonymous_7)","line":36,"loc":{"start":{"line":36,"column":12},"end":{"line":36,"column":23}}},"8":{"name":"(anonymous_8)","line":40,"loc":{"start":{"line":40,"column":32},"end":{"line":40,"column":43}}},"9":{"name":"(anonymous_9)","line":41,"loc":{"start":{"line":41,"column":38},"end":{"line":41,"column":53}}},"10":{"name":"(anonymous_10)","line":44,"loc":{"start":{"line":44,"column":14},"end":{"line":44,"column":30}}},"11":{"name":"(anonymous_11)","line":48,"loc":{"start":{"line":48,"column":15},"end":{"line":48,"column":29}}},"12":{"name":"(anonymous_12)","line":56,"loc":{"start":{"line":56,"column":24},"end":{"line":56,"column":35}}},"13":{"name":"(anonymous_13)","line":57,"loc":{"start":{"line":57,"column":41},"end":{"line":57,"column":56}}},"14":{"name":"(anonymous_14)","line":59,"loc":{"start":{"line":59,"column":29},"end":{"line":59,"column":44}}},"15":{"name":"(anonymous_15)","line":61,"loc":{"start":{"line":61,"column":31},"end":{"line":61,"column":45}}},"16":{"name":"(anonymous_16)","line":66,"loc":{"start":{"line":66,"column":15},"end":{"line":66,"column":29}}},"17":{"name":"(anonymous_17)","line":94,"loc":{"start":{"line":94,"column":46},"end":{"line":94,"column":61}}},"18":{"name":"(anonymous_18)","line":98,"loc":{"start":{"line":98,"column":17},"end":{"line":98,"column":31}}},"19":{"name":"(anonymous_19)","line":102,"loc":{"start":{"line":102,"column":49},"end":{"line":102,"column":72}}},"20":{"name":"(anonymous_20)","line":106,"loc":{"start":{"line":106,"column":23},"end":{"line":106,"column":37}}},"21":{"name":"(anonymous_21)","line":114,"loc":{"start":{"line":114,"column":37},"end":{"line":114,"column":52}}},"22":{"name":"(anonymous_22)","line":117,"loc":{"start":{"line":117,"column":19},"end":{"line":117,"column":33}}},"23":{"name":"(anonymous_23)","line":120,"loc":{"start":{"line":120,"column":23},"end":{"line":120,"column":37}}},"24":{"name":"(anonymous_24)","line":126,"loc":{"start":{"line":126,"column":49},"end":{"line":126,"column":64}}},"25":{"name":"(anonymous_25)","line":129,"loc":{"start":{"line":129,"column":20},"end":{"line":129,"column":34}}},"26":{"name":"(anonymous_26)","line":134,"loc":{"start":{"line":134,"column":22},"end":{"line":134,"column":36}}},"27":{"name":"(anonymous_27)","line":137,"loc":{"start":{"line":137,"column":26},"end":{"line":137,"column":40}}},"28":{"name":"(anonymous_28)","line":139,"loc":{"start":{"line":139,"column":30},"end":{"line":139,"column":44}}}},"statementMap":{"1":{"start":{"line":1,"column":0},"end":{"line":1,"column":36}},"2":{"start":{"line":2,"column":0},"end":{"line":2,"column":40}},"3":{"start":{"line":3,"column":0},"end":{"line":3,"column":38}},"4":{"start":{"line":4,"column":0},"end":{"line":4,"column":31}},"5":{"start":{"line":5,"column":0},"end":{"line":5,"column":20}},"6":{"start":{"line":6,"column":0},"end":{"line":6,"column":24}},"7":{"start":{"line":8,"column":0},"end":{"line":11,"column":1}},"8":{"start":{"line":9,"column":2},"end":{"line":9,"column":21}},"9":{"start":{"line":9,"column":12},"end":{"line":9,"column":21}},"10":{"start":{"line":10,"column":2},"end":{"line":10,"column":63}},"11":{"start":{"line":12,"column":0},"end":{"line":12,"column":9}},"12":{"start":{"line":13,"column":0},"end":{"line":148,"column":2}},"13":{"start":{"line":14,"column":2},"end":{"line":27,"column":4}},"14":{"start":{"line":16,"column":4},"end":{"line":19,"column":7}},"15":{"start":{"line":18,"column":6},"end":{"line":18,"column":30}},"16":{"start":{"line":21,"column":4},"end":{"line":24,"column":5}},"17":{"start":{"line":26,"column":4},"end":{"line":26,"column":11}},"18":{"start":{"line":29,"column":2},"end":{"line":32,"column":4}},"19":{"start":{"line":33,"column":2},"end":{"line":35,"column":4}},"20":{"start":{"line":36,"column":2},"end":{"line":38,"column":4}},"21":{"start":{"line":40,"column":2},"end":{"line":54,"column":4}},"22":{"start":{"line":41,"column":4},"end":{"line":52,"column":6}},"23":{"start":{"line":42,"column":6},"end":{"line":51,"column":8}},"24":{"start":{"line":46,"column":8},"end":{"line":46,"column":38}},"25":{"start":{"line":47,"column":8},"end":{"line":47,"column":22}},"26":{"start":{"line":49,"column":8},"end":{"line":49,"column":32}},"27":{"start":{"line":50,"column":8},"end":{"line":50,"column":25}},"28":{"start":{"line":56,"column":2},"end":{"line":125,"column":6}},"29":{"start":{"line":57,"column":4},"end":{"line":71,"column":6}},"30":{"start":{"line":58,"column":6},"end":{"line":58,"column":33}},"31":{"start":{"line":59,"column":6},"end":{"line":70,"column":8}},"32":{"start":{"line":60,"column":8},"end":{"line":60,"column":36}},"33":{"start":{"line":61,"column":8},"end":{"line":64,"column":11}},"34":{"start":{"line":62,"column":10},"end":{"line":62,"column":34}},"35":{"start":{"line":63,"column":10},"end":{"line":63,"column":24}},"36":{"start":{"line":67,"column":8},"end":{"line":67,"column":24}},"37":{"start":{"line":68,"column":8},"end":{"line":68,"column":32}},"38":{"start":{"line":69,"column":8},"end":{"line":69,"column":25}},"39":{"start":{"line":94,"column":4},"end":{"line":112,"column":6}},"40":{"start":{"line":95,"column":6},"end":{"line":95,"column":34}},"41":{"start":{"line":96,"column":6},"end":{"line":96,"column":32}},"42":{"start":{"line":98,"column":6},"end":{"line":111,"column":8}},"43":{"start":{"line":99,"column":8},"end":{"line":99,"column":32}},"44":{"start":{"line":100,"column":8},"end":{"line":100,"column":50}},"45":{"start":{"line":102,"column":8},"end":{"line":110,"column":10}},"46":{"start":{"line":103,"column":9},"end":{"line":103,"column":33}},"47":{"start":{"line":104,"column":9},"end":{"line":104,"column":37}},"48":{"start":{"line":106,"column":10},"end":{"line":109,"column":12}},"49":{"start":{"line":107,"column":12},"end":{"line":107,"column":36}},"50":{"start":{"line":108,"column":12},"end":{"line":108,"column":18}},"51":{"start":{"line":114,"column":4},"end":{"line":124,"column":8}},"52":{"start":{"line":115,"column":8},"end":{"line":115,"column":34}},"53":{"start":{"line":117,"column":8},"end":{"line":123,"column":10}},"54":{"start":{"line":119,"column":10},"end":{"line":119,"column":36}},"55":{"start":{"line":120,"column":10},"end":{"line":122,"column":12}},"56":{"start":{"line":121,"column":12},"end":{"line":121,"column":18}},"57":{"start":{"line":126,"column":6},"end":{"line":146,"column":8}},"58":{"start":{"line":127,"column":8},"end":{"line":127,"column":35}},"59":{"start":{"line":129,"column":8},"end":{"line":145,"column":10}},"60":{"start":{"line":130,"column":10},"end":{"line":130,"column":32}},"61":{"start":{"line":132,"column":10},"end":{"line":132,"column":37}},"62":{"start":{"line":134,"column":10},"end":{"line":144,"column":12}},"63":{"start":{"line":135,"column":12},"end":{"line":135,"column":38}},"64":{"start":{"line":137,"column":12},"end":{"line":143,"column":14}},"65":{"start":{"line":138,"column":14},"end":{"line":142,"column":15}},"66":{"start":{"line":139,"column":16},"end":{"line":141,"column":18}},"67":{"start":{"line":140,"column":18},"end":{"line":140,"column":24}}},"branchMap":{"1":{"line":9,"type":"if","locations":[{"start":{"line":9,"column":2},"end":{"line":9,"column":2}},{"start":{"line":9,"column":2},"end":{"line":9,"column":2}}]},"2":{"line":138,"type":"if","locations":[{"start":{"line":138,"column":14},"end":{"line":138,"column":14}},{"start":{"line":138,"column":14},"end":{"line":138,"column":14}}]}},"l":{"1":1,"2":1,"3":1,"4":1,"5":1,"6":1,"8":1,"9":1,"10":1,"12":1,"13":1,"14":1,"16":1,"18":1,"21":1,"26":1,"29":1,"33":1,"36":1,"40":1,"41":1,"42":1,"46":1,"47":1,"49":0,"50":0,"56":1,"57":1,"58":1,"59":1,"60":1,"61":1,"62":1,"63":1,"67":0,"68":0,"69":0,"94":1,"95":1,"96":1,"98":1,"99":1,"100":1,"102":1,"103":1,"104":1,"106":1,"107":1,"108":1,"114":1,"115":1,"117":1,"119":1,"120":1,"121":1,"126":1,"127":1,"129":1,"130":1,"132":1,"134":1,"135":1,"137":1,"138":1,"139":1,"140":1}}}
